<?xml version="1.0" encoding="UTF-8"?>
<!-- Generated by org.testng.reporters.JUnitReportReporter -->
<testsuite hostname="DESKTOP-165ABPJ" name="com.inventorytest.ProductPriceDetailsTest" tests="2" failures="0" timestamp="10 Dec 2020 13:01:42 GMT" time="68.640" errors="0">
  <testcase name="VerificationPriceList" time="35.883" classname="com.inventorytest.ProductPriceDetailsTest"/>
  <testcase name="VerificationPriceListNegative" time="32.757" classname="com.inventorytest.ProductPriceDetailsTest"/>
</testsuite> <!-- com.inventorytest.ProductPriceDetailsTest -->
