<?xml version="1.0" encoding="UTF-8"?>
<!-- Generated by org.testng.reporters.JUnitReportReporter -->
<testsuite skipped="1" hostname="DESKTOP-FUIS2AN" name="com.PS.ConversionsTest.POConversionsTest" tests="2" failures="0" timestamp="2020-06-11T11:33:23 IST" time="85.112" errors="0">
  <testcase name="VerificationPurchaseOrder" time="85.112" classname="com.PS.ConversionsTest.POConversionsTest"/>
  <testcase name="VerificationPurchaseCurrency" classname="com.PS.ConversionsTest.POConversionsTest">
    <skipped/>
  </testcase> <!-- VerificationPurchaseCurrency -->
</testsuite> <!-- com.PS.ConversionsTest.POConversionsTest -->
