<?xml version="1.0" encoding="UTF-8"?>
<!-- Generated by org.testng.reporters.JUnitReportReporter -->
<testsuite skipped="8" hostname="DESKTOP-FUIS2AN" name="com.PS.tests.WareHouseTest" tests="9" failures="0" timestamp="2020-05-28T19:31:41 IST" time="42.649" errors="0">
  <testcase name="ValidationAgedStock" time="42.649" classname="com.PS.tests.WareHouseTest"/>
  <testcase name="ValidationstockVariant" classname="com.PS.tests.WareHouseTest">
    <skipped/>
  </testcase> <!-- ValidationstockVariant -->
  <testcase name="WarehouseCreationNegative" classname="com.PS.tests.WareHouseTest">
    <skipped/>
  </testcase> <!-- WarehouseCreationNegative -->
  <testcase name="WarehouseUpdate" classname="com.PS.tests.WareHouseTest">
    <skipped/>
  </testcase> <!-- WarehouseUpdate -->
  <testcase name="ValidationstockAdjustment" classname="com.PS.tests.WareHouseTest">
    <skipped/>
  </testcase> <!-- ValidationstockAdjustment -->
  <testcase name="ValidationstockSummary" classname="com.PS.tests.WareHouseTest">
    <skipped/>
  </testcase> <!-- ValidationstockSummary -->
  <testcase name="WarehouseCreation" classname="com.PS.tests.WareHouseTest">
    <skipped/>
  </testcase> <!-- WarehouseCreation -->
  <testcase name="WarehouseDelete" classname="com.PS.tests.WareHouseTest">
    <skipped/>
  </testcase> <!-- WarehouseDelete -->
  <testcase name="WarehouseDeleteItems" classname="com.PS.tests.WareHouseTest">
    <skipped/>
  </testcase> <!-- WarehouseDeleteItems -->
</testsuite> <!-- com.PS.tests.WareHouseTest -->
