<?xml version="1.0" encoding="UTF-8"?>
<!-- Generated by org.testng.reporters.JUnitReportReporter -->
<testsuite hostname="DESKTOP-165ABPJ" name="com.inventorytest.ProductsDetailsTest" tests="3" failures="0" timestamp="10 Dec 2020 13:33:31 GMT" time="89.234" errors="0">
  <testcase name="ValidationDownloadExcel" time="29.987" classname="com.inventorytest.ProductsDetailsTest"/>
  <testcase name="ValidationDownloadPDF" time="29.737" classname="com.inventorytest.ProductsDetailsTest"/>
  <testcase name="NegativeInventoryValidation" time="29.510" classname="com.inventorytest.ProductsDetailsTest"/>
</testsuite> <!-- com.inventorytest.ProductsDetailsTest -->
