<?xml version="1.0" encoding="UTF-8"?>
<!-- Generated by org.testng.reporters.JUnitReportReporter -->
<testsuite skipped="0" hostname="DESKTOP-FUIS2AN" name="com.PS.FinanceTest.BusinessExpenseTest" tests="2" failures="0" timestamp="2020-06-15T15:57:05 IST" time="60.715" errors="1">
  <testcase name="sendEmailReport" time="37.138" classname="com.PS.FinanceTest.BusinessExpenseTest">
    <error type="java.lang.RuntimeException" message="com.sun.mail.smtp.SMTPSendFailedException: 552-5.7.0 This message was blocked because its content presents a potential
552-5.7.0 security issue. Please visit
552-5.7.0  https://support.google.com/mail/?p=BlockedMessage to review our
552 5.7.0 message content and attachment content guidelines. w6sm12074524pjy.15 - gsmtp
">
      <![CDATA[java.lang.RuntimeException: com.sun.mail.smtp.SMTPSendFailedException: 552-5.7.0 This message was blocked because its content presents a potential
552-5.7.0 security issue. Please visit
552-5.7.0  https://support.google.com/mail/?p=BlockedMessage to review our
552 5.7.0 message content and attachment content guidelines. w6sm12074524pjy.15 - gsmtp

at com.PS.base.Base.SendMailSSLWithAttachment(Base.java:333)
at com.PS.base.Base.sendEmailReport(Base.java:352)
at sun.reflect.NativeMethodAccessorImpl.invoke0(Native Method)
at sun.reflect.NativeMethodAccessorImpl.invoke(Unknown Source)
at sun.reflect.DelegatingMethodAccessorImpl.invoke(Unknown Source)
at java.lang.reflect.Method.invoke(Unknown Source)
at org.testng.internal.MethodInvocationHelper.invokeMethod(MethodInvocationHelper.java:133)
at org.testng.internal.MethodInvocationHelper.invokeMethodConsideringTimeout(MethodInvocationHelper.java:62)
at org.testng.internal.ConfigInvoker.invokeConfigurationMethod(ConfigInvoker.java:340)
at org.testng.internal.ConfigInvoker.invokeConfigurations(ConfigInvoker.java:294)
at org.testng.SuiteRunner.privateRun(SuiteRunner.java:369)
at org.testng.SuiteRunner.run(SuiteRunner.java:304)
at org.testng.SuiteRunnerWorker.runSuite(SuiteRunnerWorker.java:53)
at org.testng.SuiteRunnerWorker.run(SuiteRunnerWorker.java:96)
at org.testng.TestNG.runSuitesSequentially(TestNG.java:1180)
at org.testng.TestNG.runSuitesLocally(TestNG.java:1102)
at org.testng.TestNG.runSuites(TestNG.java:1032)
at org.testng.TestNG.run(TestNG.java:1000)
at org.testng.remote.AbstractRemoteTestNG.run(AbstractRemoteTestNG.java:115)
at org.testng.remote.RemoteTestNG.initAndRun(RemoteTestNG.java:251)
at org.testng.remote.RemoteTestNG.main(RemoteTestNG.java:77)
Caused by: com.sun.mail.smtp.SMTPSendFailedException: 552-5.7.0 This message was blocked because its content presents a potential
552-5.7.0 security issue. Please visit
552-5.7.0  https://support.google.com/mail/?p=BlockedMessage to review our
552 5.7.0 message content and attachment content guidelines. w6sm12074524pjy.15 - gsmtp

at com.sun.mail.smtp.SMTPTransport.issueSendCommand(SMTPTransport.java:2249)
at com.sun.mail.smtp.SMTPTransport.finishData(SMTPTransport.java:2027)
at com.sun.mail.smtp.SMTPTransport.sendMessage(SMTPTransport.java:1242)
at javax.mail.Transport.send0(Transport.java:255)
at javax.mail.Transport.send(Transport.java:124)
at com.PS.base.Base.SendMailSSLWithAttachment(Base.java:327)
... 20 more
]]>
    </error>
  </testcase> <!-- sendEmailReport -->
  <testcase name="VerificationCategory" time="23.577" classname="com.PS.FinanceTest.BusinessExpenseTest"/>
</testsuite> <!-- com.PS.FinanceTest.BusinessExpenseTest -->
