<?xml version="1.0" encoding="UTF-8"?>
<!-- Generated by org.testng.reporters.JUnitReportReporter -->
<testsuite hostname="DESKTOP-165ABPJ" name="com.financetest.ProfitLossTest" tests="1" failures="0" timestamp="10 Dec 2020 09:44:19 GMT" time="56.643" errors="0">
  <testcase name="VerificationProfitLoss" time="56.643" classname="com.financetest.ProfitLossTest"/>
</testsuite> <!-- com.financetest.ProfitLossTest -->
