<?xml version="1.0" encoding="UTF-8"?>
<!-- Generated by org.testng.reporters.JUnitReportReporter -->
<testsuite skipped="0" hostname="DESKTOP-FUIS2AN" name="com.PS.tests.ProfitLossTest" tests="1" failures="0" timestamp="2020-06-08T10:22:09 IST" time="151.294" errors="0">
  <testcase name="VerificationProfitLoss" time="151.294" classname="com.PS.tests.ProfitLossTest"/>
</testsuite> <!-- com.PS.tests.ProfitLossTest -->
