<?xml version="1.0" encoding="UTF-8"?>
<!-- Generated by org.testng.reporters.JUnitReportReporter -->
<testsuite skipped="7" hostname="DESKTOP-FUIS2AN" name="com.PS.tests.CustomerDetailsTest" tests="8" failures="0" timestamp="2020-02-17T15:45:37 IST" time="8.013" errors="1">
  <testcase name="CreateCustomer" time="0.000" classname="com.PS.tests.CustomerDetailsTest">
    <skipped/>
  </testcase> <!-- CreateCustomer -->
  <testcase name="customerSearch" time="0.000" classname="com.PS.tests.CustomerDetailsTest">
    <skipped/>
  </testcase> <!-- customerSearch -->
  <testcase name="setup" time="8.013" classname="com.PS.tests.CustomerDetailsTest">
    <error type="org.openqa.selenium.SessionNotCreatedException" message="session not created
from chrome not reachable
  (Session info: chrome=80.0.3987.100)
Build info: version: &#039;3.141.59&#039;, revision: &#039;e82be7d358&#039;, time: &#039;2018-11-14T08:17:03&#039;
System info: host: &#039;DESKTOP-FUIS2AN&#039;, ip: &#039;172.16.16.28&#039;, os.name: &#039;Windows 10&#039;, os.arch: &#039;amd64&#039;, os.version: &#039;10.0&#039;, java.version: &#039;1.8.0_66&#039;
Driver info: driver.version: ChromeDriver
remote stacktrace: Backtrace:
	Ordinal0 [0x009E0AE3+1706723]
	Ordinal0 [0x009468C1+1075393]
	Ordinal0 [0x008BDE52+515666]
	Ordinal0 [0x008B7C88+490632]
	Ordinal0 [0x008B837B+492411]
	Ordinal0 [0x008B92D5+496341]
	Ordinal0 [0x008B4EE5+478949]
	Ordinal0 [0x008BEC80+519296]
	Ordinal0 [0x0086CA67+182887]
	Ordinal0 [0x0086BDDD+179677]
	Ordinal0 [0x00869D4B+171339]
	Ordinal0 [0x00851D4A+73034]
	Ordinal0 [0x00852DC0+77248]
	Ordinal0 [0x00852D59+77145]
	Ordinal0 [0x0095BB37+1162039]
	GetHandleVerifier [0x00A7A7C6+508998]
	GetHandleVerifier [0x00A7A504+508292]
	GetHandleVerifier [0x00A8F617+594583]
	GetHandleVerifier [0x00A7B036+511158]
	Ordinal0 [0x00953FFC+1130492]
	Ordinal0 [0x0095D49B+1168539]
	Ordinal0 [0x0095D603+1168899]
	Ordinal0 [0x00975B05+1268485]
	BaseThreadInitThunk [0x765C0419+25]
	RtlGetAppContainerNamedObjectPath [0x7741662D+237]
	RtlGetAppContainerNamedObjectPath [0x774165FD+189]
">
      <![CDATA[org.openqa.selenium.SessionNotCreatedException: session not created
from chrome not reachable
  (Session info: chrome=80.0.3987.100)
Build info: version: '3.141.59', revision: 'e82be7d358', time: '2018-11-14T08:17:03'
System info: host: 'DESKTOP-FUIS2AN', ip: '172.16.16.28', os.name: 'Windows 10', os.arch: 'amd64', os.version: '10.0', java.version: '1.8.0_66'
Driver info: driver.version: ChromeDriver
remote stacktrace: Backtrace:
Ordinal0 [0x009E0AE3+1706723]
Ordinal0 [0x009468C1+1075393]
Ordinal0 [0x008BDE52+515666]
Ordinal0 [0x008B7C88+490632]
Ordinal0 [0x008B837B+492411]
Ordinal0 [0x008B92D5+496341]
Ordinal0 [0x008B4EE5+478949]
Ordinal0 [0x008BEC80+519296]
Ordinal0 [0x0086CA67+182887]
Ordinal0 [0x0086BDDD+179677]
Ordinal0 [0x00869D4B+171339]
Ordinal0 [0x00851D4A+73034]
Ordinal0 [0x00852DC0+77248]
Ordinal0 [0x00852D59+77145]
Ordinal0 [0x0095BB37+1162039]
GetHandleVerifier [0x00A7A7C6+508998]
GetHandleVerifier [0x00A7A504+508292]
GetHandleVerifier [0x00A8F617+594583]
GetHandleVerifier [0x00A7B036+511158]
Ordinal0 [0x00953FFC+1130492]
Ordinal0 [0x0095D49B+1168539]
Ordinal0 [0x0095D603+1168899]
Ordinal0 [0x00975B05+1268485]
BaseThreadInitThunk [0x765C0419+25]
RtlGetAppContainerNamedObjectPath [0x7741662D+237]
RtlGetAppContainerNamedObjectPath [0x774165FD+189]

at sun.reflect.NativeConstructorAccessorImpl.newInstance0(Native Method)
at sun.reflect.NativeConstructorAccessorImpl.newInstance(Unknown Source)
at sun.reflect.DelegatingConstructorAccessorImpl.newInstance(Unknown Source)
at java.lang.reflect.Constructor.newInstance(Unknown Source)
at org.openqa.selenium.remote.W3CHandshakeResponse.lambda$errorHandler$0(W3CHandshakeResponse.java:62)
at org.openqa.selenium.remote.HandshakeResponse.lambda$getResponseFunction$0(HandshakeResponse.java:30)
at org.openqa.selenium.remote.ProtocolHandshake.lambda$createSession$0(ProtocolHandshake.java:126)
at java.util.stream.ReferencePipeline$3$1.accept(Unknown Source)
at java.util.Spliterators$ArraySpliterator.tryAdvance(Unknown Source)
at java.util.stream.ReferencePipeline.forEachWithCancel(Unknown Source)
at java.util.stream.AbstractPipeline.copyIntoWithCancel(Unknown Source)
at java.util.stream.AbstractPipeline.copyInto(Unknown Source)
at java.util.stream.AbstractPipeline.wrapAndCopyInto(Unknown Source)
at java.util.stream.FindOps$FindOp.evaluateSequential(Unknown Source)
at java.util.stream.AbstractPipeline.evaluate(Unknown Source)
at java.util.stream.ReferencePipeline.findFirst(Unknown Source)
at org.openqa.selenium.remote.ProtocolHandshake.createSession(ProtocolHandshake.java:128)
at org.openqa.selenium.remote.ProtocolHandshake.createSession(ProtocolHandshake.java:74)
at org.openqa.selenium.remote.HttpCommandExecutor.execute(HttpCommandExecutor.java:136)
at org.openqa.selenium.remote.service.DriverCommandExecutor.execute(DriverCommandExecutor.java:83)
at org.openqa.selenium.remote.RemoteWebDriver.execute(RemoteWebDriver.java:552)
at org.openqa.selenium.remote.RemoteWebDriver.startSession(RemoteWebDriver.java:213)
at org.openqa.selenium.remote.RemoteWebDriver.<init>(RemoteWebDriver.java:131)
at org.openqa.selenium.chrome.ChromeDriver.<init>(ChromeDriver.java:181)
at org.openqa.selenium.chrome.ChromeDriver.<init>(ChromeDriver.java:168)
at org.openqa.selenium.chrome.ChromeDriver.<init>(ChromeDriver.java:123)
at com.PS.base.Base.driverInitilization(Base.java:83)
at com.PS.base.Base.setup(Base.java:208)
at sun.reflect.NativeMethodAccessorImpl.invoke0(Native Method)
at sun.reflect.NativeMethodAccessorImpl.invoke(Unknown Source)
at sun.reflect.DelegatingMethodAccessorImpl.invoke(Unknown Source)
at java.lang.reflect.Method.invoke(Unknown Source)
at org.testng.internal.MethodInvocationHelper.invokeMethod(MethodInvocationHelper.java:133)
at org.testng.internal.MethodInvocationHelper.invokeMethodConsideringTimeout(MethodInvocationHelper.java:62)
at org.testng.internal.ConfigInvoker.invokeConfigurationMethod(ConfigInvoker.java:340)
at org.testng.internal.ConfigInvoker.invokeConfigurations(ConfigInvoker.java:294)
at org.testng.internal.TestInvoker.runConfigMethods(TestInvoker.java:683)
at org.testng.internal.TestInvoker.invokeMethod(TestInvoker.java:510)
at org.testng.internal.TestInvoker.invokeTestMethod(TestInvoker.java:172)
at org.testng.internal.MethodRunner.runInSequence(MethodRunner.java:46)
at org.testng.internal.TestInvoker$MethodInvocationAgent.invoke(TestInvoker.java:804)
at org.testng.internal.TestInvoker.invokeTestMethods(TestInvoker.java:145)
at org.testng.internal.TestMethodWorker.invokeTestMethods(TestMethodWorker.java:146)
at org.testng.internal.TestMethodWorker.run(TestMethodWorker.java:128)
at java.util.ArrayList.forEach(Unknown Source)
at org.testng.TestRunner.privateRun(TestRunner.java:770)
at org.testng.TestRunner.run(TestRunner.java:591)
at org.testng.SuiteRunner.runTest(SuiteRunner.java:402)
at org.testng.SuiteRunner.runSequentially(SuiteRunner.java:396)
at org.testng.SuiteRunner.privateRun(SuiteRunner.java:355)
at org.testng.SuiteRunner.run(SuiteRunner.java:304)
at org.testng.SuiteRunnerWorker.runSuite(SuiteRunnerWorker.java:53)
at org.testng.SuiteRunnerWorker.run(SuiteRunnerWorker.java:96)
at org.testng.TestNG.runSuitesSequentially(TestNG.java:1180)
at org.testng.TestNG.runSuitesLocally(TestNG.java:1102)
at org.testng.TestNG.runSuites(TestNG.java:1032)
at org.testng.TestNG.run(TestNG.java:1000)
at org.testng.remote.AbstractRemoteTestNG.run(AbstractRemoteTestNG.java:115)
at org.testng.remote.RemoteTestNG.initAndRun(RemoteTestNG.java:251)
at org.testng.remote.RemoteTestNG.main(RemoteTestNG.java:77)
]]>
    </error>
  </testcase> <!-- setup -->
  <testcase name="CustomerLogActivity" time="0.000" classname="com.PS.tests.CustomerDetailsTest">
    <skipped/>
  </testcase> <!-- CustomerLogActivity -->
  <testcase name="CreateCustomerNegative" time="0.000" classname="com.PS.tests.CustomerDetailsTest">
    <skipped/>
  </testcase> <!-- CreateCustomerNegative -->
  <testcase name="UpdateCustomer" time="0.000" classname="com.PS.tests.CustomerDetailsTest">
    <skipped/>
  </testcase> <!-- UpdateCustomer -->
  <testcase name="UploadCustomer" classname="com.PS.tests.CustomerDetailsTest">
    <skipped/>
  </testcase> <!-- UploadCustomer -->
  <testcase name="CustomerLogCommunication" classname="com.PS.tests.CustomerDetailsTest">
    <skipped/>
  </testcase> <!-- CustomerLogCommunication -->
</testsuite> <!-- com.PS.tests.CustomerDetailsTest -->
