<?xml version="1.0" encoding="UTF-8"?>
<!-- Generated by org.testng.reporters.JUnitReportReporter -->
<testsuite skipped="12" hostname="DESKTOP-FUIS2AN" name="com.PS.tests.SalesDetailsTest" tests="13" failures="0" timestamp="2020-05-22T13:25:55 IST" time="303.877" errors="0">
  <testcase name="CreateSalesQuote" time="303.877" classname="com.PS.tests.SalesDetailsTest"/>
  <testcase name="removePDFsalesQuote" classname="com.PS.tests.SalesDetailsTest">
    <skipped/>
  </testcase> <!-- removePDFsalesQuote -->
  <testcase name="NegavtiveSalesQuote" classname="com.PS.tests.SalesDetailsTest">
    <skipped/>
  </testcase> <!-- NegavtiveSalesQuote -->
  <testcase name="salesInvoiceCal" classname="com.PS.tests.SalesDetailsTest">
    <skipped/>
  </testcase> <!-- salesInvoiceCal -->
  <testcase name="NegavtiveSalesInvoice" classname="com.PS.tests.SalesDetailsTest">
    <skipped/>
  </testcase> <!-- NegavtiveSalesInvoice -->
  <testcase name="CreateCreditMemo" classname="com.PS.tests.SalesDetailsTest">
    <skipped/>
  </testcase> <!-- CreateCreditMemo -->
  <testcase name="CreateSalesOrder" classname="com.PS.tests.SalesDetailsTest">
    <skipped/>
  </testcase> <!-- CreateSalesOrder -->
  <testcase name="creditMemoCal" classname="com.PS.tests.SalesDetailsTest">
    <skipped/>
  </testcase> <!-- creditMemoCal -->
  <testcase name="salesQuoteCalc" classname="com.PS.tests.SalesDetailsTest">
    <skipped/>
  </testcase> <!-- salesQuoteCalc -->
  <testcase name="NegavtiveCreditMemo" classname="com.PS.tests.SalesDetailsTest">
    <skipped/>
  </testcase> <!-- NegavtiveCreditMemo -->
  <testcase name="SalesOrderCal" classname="com.PS.tests.SalesDetailsTest">
    <skipped/>
  </testcase> <!-- SalesOrderCal -->
  <testcase name="NegavtiveSalesOrder" classname="com.PS.tests.SalesDetailsTest">
    <skipped/>
  </testcase> <!-- NegavtiveSalesOrder -->
  <testcase name="CreateSalesInvoice" classname="com.PS.tests.SalesDetailsTest">
    <skipped/>
  </testcase> <!-- CreateSalesInvoice -->
</testsuite> <!-- com.PS.tests.SalesDetailsTest -->
