<?xml version="1.0" encoding="UTF-8"?>
<!-- Generated by org.testng.reporters.JUnitReportReporter -->
<testsuite skipped="2" hostname="DESKTOP-FUIS2AN" name="com.PS.tests.CustomerDetailsTest" tests="7" failures="0" timestamp="2020-02-14T12:33:41 IST" time="309.277" errors="0">
  <testcase name="CreateCustomerNegative" time="67.859" classname="com.PS.tests.CustomerDetailsTest"/>
  <testcase name="UpdateCustomer" time="32.414" classname="com.PS.tests.CustomerDetailsTest"/>
  <testcase name="CustomerLogActivity" time="57.002" classname="com.PS.tests.CustomerDetailsTest"/>
  <testcase name="customerSearch" time="34.910" classname="com.PS.tests.CustomerDetailsTest"/>
  <testcase name="CreateCustomer" time="117.092" classname="com.PS.tests.CustomerDetailsTest"/>
  <testcase name="UploadCustomer" classname="com.PS.tests.CustomerDetailsTest">
    <skipped/>
  </testcase> <!-- UploadCustomer -->
  <testcase name="CustomerLogCommunication" classname="com.PS.tests.CustomerDetailsTest">
    <skipped/>
  </testcase> <!-- CustomerLogCommunication -->
</testsuite> <!-- com.PS.tests.CustomerDetailsTest -->
