<?xml version="1.0" encoding="UTF-8"?>
<!-- Generated by org.testng.reporters.JUnitReportReporter -->
<testsuite hostname="DESKTOP-165ABPJ" name="com.financetest.BalanceSheetTest" tests="2" failures="0" timestamp="10 Dec 2020 07:33:13 GMT" time="101.448" errors="0">
  <testcase name="VerificationCategory" time="79.461" classname="com.financetest.BalanceSheetTest"/>
  <testcase name="VerificationAdditionCategory" time="21.987" classname="com.financetest.BalanceSheetTest"/>
</testsuite> <!-- com.financetest.BalanceSheetTest -->
