<?xml version="1.0" encoding="UTF-8"?>
<!-- Generated by org.testng.reporters.JUnitReportReporter -->
<testsuite skipped="1" hostname="DESKTOP-FUIS2AN" name="com.PS.tests.SupplierDetails" tests="2" failures="0" timestamp="2020-02-13T12:45:58 IST" time="53.173" errors="0">
  <testcase name="CreateSupplier" time="53.173" classname="com.PS.tests.SupplierDetails"/>
  <testcase name="UpdateSupplier" classname="com.PS.tests.SupplierDetails">
    <skipped/>
  </testcase> <!-- UpdateSupplier -->
</testsuite> <!-- com.PS.tests.SupplierDetails -->
