<?xml version="1.0" encoding="UTF-8"?>
<!-- Generated by org.testng.reporters.JUnitReportReporter -->
<testsuite skipped="4" hostname="DESKTOP-FUIS2AN" name="com.PS.tests.SupplierDetailsTest" tests="5" failures="0" timestamp="2020-02-13T19:27:33 IST" time="43.825" errors="0">
  <testcase name="CreateSupplierNegative" time="43.825" classname="com.PS.tests.SupplierDetailsTest"/>
  <testcase name="SupplierSearch" classname="com.PS.tests.SupplierDetailsTest">
    <skipped/>
  </testcase> <!-- SupplierSearch -->
  <testcase name="CreateSupplier" classname="com.PS.tests.SupplierDetailsTest">
    <skipped/>
  </testcase> <!-- CreateSupplier -->
  <testcase name="UploadSupplier" classname="com.PS.tests.SupplierDetailsTest">
    <skipped/>
  </testcase> <!-- UploadSupplier -->
  <testcase name="UpdateSupplier" classname="com.PS.tests.SupplierDetailsTest">
    <skipped/>
  </testcase> <!-- UpdateSupplier -->
</testsuite> <!-- com.PS.tests.SupplierDetailsTest -->
