<?xml version="1.0" encoding="UTF-8"?>
<!-- Generated by org.testng.reporters.JUnitReportReporter -->
<testsuite skipped="2" hostname="DESKTOP-FUIS2AN" name="com.PS.tests.CategoryDetailsTest" tests="3" failures="0" timestamp="2020-05-30T13:13:09 IST" time="42.674" errors="0">
  <testcase name="VerificationCategoryUpdate" time="42.674" classname="com.PS.tests.CategoryDetailsTest"/>
  <testcase name="VerificationCategoryDelete" classname="com.PS.tests.CategoryDetailsTest">
    <skipped/>
  </testcase> <!-- VerificationCategoryDelete -->
  <testcase name="VerificationCategory" classname="com.PS.tests.CategoryDetailsTest">
    <skipped/>
  </testcase> <!-- VerificationCategory -->
</testsuite> <!-- com.PS.tests.CategoryDetailsTest -->
