<?xml version="1.0" encoding="UTF-8"?>
<!-- Generated by org.testng.reporters.JUnitReportReporter -->
<testsuite hostname="DESKTOP-165ABPJ" name="com.financetest.BusinessExpenseTest" tests="1" failures="0" timestamp="10 Dec 2020 07:39:39 GMT" time="36.937" errors="0">
  <testcase name="VerificationCategory" time="36.937" classname="com.financetest.BusinessExpenseTest"/>
</testsuite> <!-- com.financetest.BusinessExpenseTest -->
