<?xml version="1.0" encoding="UTF-8"?>
<!-- Generated by org.testng.reporters.JUnitReportReporter -->
<testsuite skipped="2" hostname="DESKTOP-FUIS2AN" name="com.PS.tests.SalesDetailsTest" tests="3" failures="0" timestamp="2020-02-27T13:08:37 IST" time="48.509" errors="0">
  <testcase name="CreateCreditMemo" time="48.509" classname="com.PS.tests.SalesDetailsTest"/>
  <testcase name="CreateSalesQuote" classname="com.PS.tests.SalesDetailsTest">
    <skipped/>
  </testcase> <!-- CreateSalesQuote -->
  <testcase name="CreateSalesInvoice" classname="com.PS.tests.SalesDetailsTest">
    <skipped/>
  </testcase> <!-- CreateSalesInvoice -->
</testsuite> <!-- com.PS.tests.SalesDetailsTest -->
