<?xml version="1.0" encoding="UTF-8"?>
<!-- Generated by org.testng.reporters.JUnitReportReporter -->
<testsuite hostname="DESKTOP-165ABPJ" name="com.financetest.OpeningBalanceTest" tests="1" failures="0" timestamp="10 Dec 2020 09:42:22 GMT" time="37.216" errors="0">
  <testcase name="VerificationOpeningBalance" time="37.216" classname="com.financetest.OpeningBalanceTest"/>
</testsuite> <!-- com.financetest.OpeningBalanceTest -->
